-------------------------------------------------------------------------------
Test set: com.programmingtechie.productservice.ProductServiceApplicationTests
-------------------------------------------------------------------------------
Tests run: 1, Failures: 0, Errors: 1, Skipped: 0, Time elapsed: 9.35 s <<< FAILURE! - in com.programmingtechie.productservice.ProductServiceApplicationTests
com.programmingtechie.productservice.ProductServiceApplicationTests  Time elapsed: 9.349 s  <<< ERROR!
java.lang.IllegalStateException: Could not find a valid Docker environment. Please see logs and check configuration

